{"level":"info","message":"post service running on port 3002","service":"identity-service","timestamp":"2025-08-08T23:57:58.585Z"}
{"level":"info","message":"connected to monogoDb","service":"identity-service","timestamp":"2025-08-08T23:57:58.797Z"}
{"level":"info","message":"Received POST request to /api/posts/create-post","service":"identity-service","timestamp":"2025-08-09T00:31:06.122Z"}
{"level":"info","message":"Request body, [object Object]","service":"identity-service","timestamp":"2025-08-09T00:31:06.127Z"}
{"level":"info","message":"post created sucessfully","service":"identity-service","timestamp":"2025-08-09T00:31:06.191Z"}
{"level":"info","message":"post service running on port 3002","service":"identity-service","timestamp":"2025-08-17T10:21:25.775Z"}
{"level":"info","message":"connected to monogoDb","service":"identity-service","timestamp":"2025-08-17T10:21:25.990Z"}
{"level":"info","message":"post service running on port 3002","service":"identity-service","timestamp":"2025-08-17T10:22:05.324Z"}
{"level":"info","message":"connected to monogoDb","service":"identity-service","timestamp":"2025-08-17T10:22:05.563Z"}
{"level":"info","message":"post service running on port 3002","service":"identity-service","timestamp":"2025-08-17T10:22:11.056Z"}
{"level":"info","message":"connected to monogoDb","service":"identity-service","timestamp":"2025-08-17T10:22:11.252Z"}
{"level":"info","message":"post service running on port 3002","service":"identity-service","timestamp":"2025-08-17T10:22:16.625Z"}
{"level":"info","message":"connected to monogoDb","service":"identity-service","timestamp":"2025-08-17T10:22:16.809Z"}
{"level":"info","message":"post service running on port 3002","service":"identity-service","timestamp":"2025-08-17T10:22:21.831Z"}
{"level":"info","message":"connected to monogoDb","service":"identity-service","timestamp":"2025-08-17T10:22:22.141Z"}
{"level":"info","message":"post service running on port 3002","service":"identity-service","timestamp":"2025-08-17T10:22:23.982Z"}
{"level":"info","message":"connected to monogoDb","service":"identity-service","timestamp":"2025-08-17T10:22:24.170Z"}
{"level":"info","message":"post service running on port 3002","service":"identity-service","timestamp":"2025-08-17T10:22:25.250Z"}
{"level":"info","message":"connected to monogoDb","service":"identity-service","timestamp":"2025-08-17T10:22:25.579Z"}
{"level":"info","message":"post service running on port 3002","service":"identity-service","timestamp":"2025-08-17T10:22:31.940Z"}
{"level":"info","message":"connected to monogoDb","service":"identity-service","timestamp":"2025-08-17T10:22:32.124Z"}
{"level":"info","message":"post service running on port 3002","service":"identity-service","timestamp":"2025-08-17T10:22:33.303Z"}
{"level":"info","message":"connected to monogoDb","service":"identity-service","timestamp":"2025-08-17T10:22:33.506Z"}
{"level":"info","message":"post service running on port 3002","service":"identity-service","timestamp":"2025-08-17T10:22:35.101Z"}
{"level":"info","message":"connected to monogoDb","service":"identity-service","timestamp":"2025-08-17T10:22:35.294Z"}
{"level":"info","message":"post service running on port 3002","service":"identity-service","timestamp":"2025-08-17T10:22:37.561Z"}
{"level":"info","message":"connected to monogoDb","service":"identity-service","timestamp":"2025-08-17T10:22:37.759Z"}
{"level":"info","message":"post service running on port 3002","service":"identity-service","timestamp":"2025-08-17T10:22:39.630Z"}
{"level":"info","message":"connected to monogoDb","service":"identity-service","timestamp":"2025-08-17T10:22:39.847Z"}
{"level":"info","message":"post service running on port 3002","service":"identity-service","timestamp":"2025-08-17T10:22:45.831Z"}
{"level":"info","message":"connected to monogoDb","service":"identity-service","timestamp":"2025-08-17T10:22:46.067Z"}
{"level":"info","message":"post service running on port 3002","service":"identity-service","timestamp":"2025-08-17T10:25:36.749Z"}
{"level":"info","message":"connected to monogoDb","service":"identity-service","timestamp":"2025-08-17T10:25:36.967Z"}
{"level":"info","message":"post service running on port 3002","service":"identity-service","timestamp":"2025-08-17T10:25:41.358Z"}
{"level":"info","message":"connected to monogoDb","service":"identity-service","timestamp":"2025-08-17T10:25:41.572Z"}
{"level":"info","message":"Received GET request to /api/posts/getPosts","service":"identity-service","timestamp":"2025-08-17T10:25:49.577Z"}
{"level":"info","message":"Request body, [object Object]","service":"identity-service","timestamp":"2025-08-17T10:25:49.578Z"}
{"level":"info","message":"Received GET request to /api/posts/getPosts","service":"identity-service","timestamp":"2025-08-17T10:25:59.373Z"}
{"level":"info","message":"Request body, [object Object]","service":"identity-service","timestamp":"2025-08-17T10:25:59.374Z"}
{"level":"info","message":"Received GET request to /api/posts/getPosts","service":"identity-service","timestamp":"2025-08-17T10:26:01.634Z"}
{"level":"info","message":"Request body, [object Object]","service":"identity-service","timestamp":"2025-08-17T10:26:01.635Z"}
{"level":"info","message":"Received GET request to /api/posts/getPosts","service":"identity-service","timestamp":"2025-08-17T10:26:03.404Z"}
{"level":"info","message":"Request body, [object Object]","service":"identity-service","timestamp":"2025-08-17T10:26:03.404Z"}
{"level":"info","message":"Received GET request to /api/posts/getPosts","service":"identity-service","timestamp":"2025-08-17T10:26:48.667Z"}
{"level":"info","message":"Request body, [object Object]","service":"identity-service","timestamp":"2025-08-17T10:26:48.668Z"}
{"level":"info","message":"Received POST request to /api/posts/create-post","service":"identity-service","timestamp":"2025-08-17T10:27:26.202Z"}
{"level":"info","message":"Request body, [object Object]","service":"identity-service","timestamp":"2025-08-17T10:27:26.203Z"}
{"level":"info","message":"post created sucessfully","service":"identity-service","timestamp":"2025-08-17T10:27:26.231Z"}
{"level":"info","message":"Received GET request to /api/posts/getPosts","service":"identity-service","timestamp":"2025-08-17T10:27:34.510Z"}
{"level":"info","message":"Request body, [object Object]","service":"identity-service","timestamp":"2025-08-17T10:27:34.510Z"}
{"level":"info","message":"Received GET request to /api/posts/getPosts","service":"identity-service","timestamp":"2025-08-17T10:28:02.869Z"}
{"level":"info","message":"Request body, [object Object]","service":"identity-service","timestamp":"2025-08-17T10:28:02.870Z"}
{"level":"info","message":"post service running on port 3002","service":"identity-service","timestamp":"2025-08-17T10:28:25.432Z"}
{"level":"info","message":"connected to monogoDb","service":"identity-service","timestamp":"2025-08-17T10:28:25.661Z"}
{"level":"info","message":"post service running on port 3002","service":"identity-service","timestamp":"2025-08-17T10:28:27.350Z"}
{"level":"info","message":"connected to monogoDb","service":"identity-service","timestamp":"2025-08-17T10:28:27.552Z"}
{"level":"info","message":"post service running on port 3002","service":"identity-service","timestamp":"2025-08-17T10:28:41.191Z"}
{"level":"info","message":"connected to monogoDb","service":"identity-service","timestamp":"2025-08-17T10:28:41.434Z"}
{"level":"info","message":"post service running on port 3002","service":"identity-service","timestamp":"2025-08-17T10:28:49.733Z"}
{"level":"info","message":"connected to monogoDb","service":"identity-service","timestamp":"2025-08-17T10:28:49.992Z"}
{"level":"info","message":"Received GET request to /api/posts/getPosts","service":"identity-service","timestamp":"2025-08-17T10:28:55.419Z"}
{"level":"info","message":"Request body, [object Object]","service":"identity-service","timestamp":"2025-08-17T10:28:55.419Z"}
{"level":"info","message":"Received GET request to /api/posts/getPosts","service":"identity-service","timestamp":"2025-08-17T10:29:03.264Z"}
{"level":"info","message":"Request body, [object Object]","service":"identity-service","timestamp":"2025-08-17T10:29:03.264Z"}
{"level":"info","message":"Received GET request to /api/posts/getPosts","service":"identity-service","timestamp":"2025-08-17T10:29:04.531Z"}
{"level":"info","message":"Request body, [object Object]","service":"identity-service","timestamp":"2025-08-17T10:29:04.532Z"}
{"level":"info","message":"Received GET request to /api/posts/getPosts","service":"identity-service","timestamp":"2025-08-17T10:29:05.656Z"}
{"level":"info","message":"Request body, [object Object]","service":"identity-service","timestamp":"2025-08-17T10:29:05.657Z"}
{"level":"info","message":"Received GET request to /api/posts/getPosts","service":"identity-service","timestamp":"2025-08-17T10:29:06.827Z"}
{"level":"info","message":"Request body, [object Object]","service":"identity-service","timestamp":"2025-08-17T10:29:06.827Z"}
{"level":"info","message":"Received GET request to /api/posts/getPosts","service":"identity-service","timestamp":"2025-08-17T10:29:07.927Z"}
{"level":"info","message":"Request body, [object Object]","service":"identity-service","timestamp":"2025-08-17T10:29:07.928Z"}
{"level":"info","message":"post service running on port 3002","service":"identity-service","timestamp":"2025-08-17T10:29:26.683Z"}
{"level":"info","message":"connected to monogoDb","service":"identity-service","timestamp":"2025-08-17T10:29:26.916Z"}
{"level":"info","message":"post service running on port 3002","service":"identity-service","timestamp":"2025-08-17T10:29:32.392Z"}
{"level":"info","message":"connected to monogoDb","service":"identity-service","timestamp":"2025-08-17T10:29:32.709Z"}
{"level":"info","message":"post service running on port 3002","service":"identity-service","timestamp":"2025-08-17T10:29:34.587Z"}
{"level":"info","message":"connected to monogoDb","service":"identity-service","timestamp":"2025-08-17T10:29:34.786Z"}
{"level":"info","message":"Received GET request to /api/posts/getPosts","service":"identity-service","timestamp":"2025-08-17T10:29:37.278Z"}
{"level":"info","message":"Request body, [object Object]","service":"identity-service","timestamp":"2025-08-17T10:29:37.279Z"}
{"level":"info","message":"Received GET request to /api/posts/getPosts","service":"identity-service","timestamp":"2025-08-17T10:29:41.924Z"}
{"level":"info","message":"Request body, [object Object]","service":"identity-service","timestamp":"2025-08-17T10:29:41.925Z"}
{"level":"info","message":"Received GET request to /api/posts/getPosts","service":"identity-service","timestamp":"2025-08-17T10:29:43.922Z"}
{"level":"info","message":"Request body, [object Object]","service":"identity-service","timestamp":"2025-08-17T10:29:43.923Z"}
{"level":"info","message":"Received GET request to /api/posts/getPosts","service":"identity-service","timestamp":"2025-08-17T10:29:45.587Z"}
{"level":"info","message":"Request body, [object Object]","service":"identity-service","timestamp":"2025-08-17T10:29:45.588Z"}
{"level":"info","message":"Received GET request to /api/posts/getPosts","service":"identity-service","timestamp":"2025-08-17T10:33:21.259Z"}
{"level":"info","message":"Request body, [object Object]","service":"identity-service","timestamp":"2025-08-17T10:33:21.259Z"}
{"level":"info","message":"Received GET request to /api/posts/getPosts","service":"identity-service","timestamp":"2025-08-17T10:33:32.104Z"}
{"level":"info","message":"Request body, [object Object]","service":"identity-service","timestamp":"2025-08-17T10:33:32.104Z"}
{"level":"info","message":"post service running on port 3002","service":"identity-service","timestamp":"2025-08-18T01:21:39.775Z"}
{"level":"info","message":"connected to monogoDb","service":"identity-service","timestamp":"2025-08-18T01:21:39.974Z"}
{"level":"info","message":"Received POST request to /api/posts/create-post","service":"identity-service","timestamp":"2025-08-18T01:24:07.574Z"}
{"level":"info","message":"Request body, [object Object]","service":"identity-service","timestamp":"2025-08-18T01:24:07.575Z"}
{"level":"info","message":"post created sucessfully","service":"identity-service","timestamp":"2025-08-18T01:24:07.618Z"}
{"level":"info","message":"Received GET request to /api/posts/getPosts","service":"identity-service","timestamp":"2025-08-18T01:24:23.395Z"}
{"level":"info","message":"Request body, [object Object]","service":"identity-service","timestamp":"2025-08-18T01:24:23.396Z"}
{"level":"info","message":"post service running on port 3002","service":"identity-service","timestamp":"2025-08-18T01:26:52.149Z"}
{"level":"info","message":"connected to monogoDb","service":"identity-service","timestamp":"2025-08-18T01:26:52.395Z"}
{"level":"info","message":"Received GET request to /api/posts/getPosts","service":"identity-service","timestamp":"2025-08-18T01:27:44.676Z"}
{"level":"info","message":"Request body, [object Object]","service":"identity-service","timestamp":"2025-08-18T01:27:44.677Z"}
{"level":"info","message":"Received GET request to /api/posts/getPosts","service":"identity-service","timestamp":"2025-08-18T01:28:08.755Z"}
{"level":"info","message":"Request body, [object Object]","service":"identity-service","timestamp":"2025-08-18T01:28:08.756Z"}
{"level":"info","message":"Received GET request to /api/posts/getPosts","service":"identity-service","timestamp":"2025-08-18T01:28:10.215Z"}
{"level":"info","message":"Request body, [object Object]","service":"identity-service","timestamp":"2025-08-18T01:28:10.216Z"}
{"level":"info","message":"Received GET request to /api/posts/getPosts","service":"identity-service","timestamp":"2025-08-18T01:28:11.349Z"}
{"level":"info","message":"Request body, [object Object]","service":"identity-service","timestamp":"2025-08-18T01:28:11.350Z"}
{"level":"info","message":"Received GET request to /api/posts/getPosts","service":"identity-service","timestamp":"2025-08-18T01:28:12.503Z"}
{"level":"info","message":"Request body, [object Object]","service":"identity-service","timestamp":"2025-08-18T01:28:12.505Z"}
{"level":"info","message":"Received GET request to /api/posts/getPosts","service":"identity-service","timestamp":"2025-08-18T01:28:13.514Z"}
{"level":"info","message":"Request body, [object Object]","service":"identity-service","timestamp":"2025-08-18T01:28:13.514Z"}
{"level":"info","message":"Received GET request to /api/posts/getPosts","service":"identity-service","timestamp":"2025-08-18T01:28:14.575Z"}
{"level":"info","message":"Request body, [object Object]","service":"identity-service","timestamp":"2025-08-18T01:28:14.576Z"}
{"level":"info","message":"Received GET request to /api/posts/getPosts","service":"identity-service","timestamp":"2025-08-18T01:28:17.012Z"}
{"level":"info","message":"Request body, [object Object]","service":"identity-service","timestamp":"2025-08-18T01:28:17.012Z"}
{"level":"info","message":"Received GET request to /api/posts/getPosts","service":"identity-service","timestamp":"2025-08-18T01:28:18.103Z"}
{"level":"info","message":"Request body, [object Object]","service":"identity-service","timestamp":"2025-08-18T01:28:18.106Z"}
{"level":"info","message":"Received POST request to /api/posts/create-post","service":"identity-service","timestamp":"2025-08-18T01:28:54.268Z"}
{"level":"info","message":"Request body, [object Object]","service":"identity-service","timestamp":"2025-08-18T01:28:54.268Z"}
{"level":"info","message":"post created sucessfully","service":"identity-service","timestamp":"2025-08-18T01:28:54.368Z"}
{"level":"info","message":"Received GET request to /api/posts/getPosts","service":"identity-service","timestamp":"2025-08-18T01:33:54.874Z"}
{"level":"info","message":"Request body, [object Object]","service":"identity-service","timestamp":"2025-08-18T01:33:54.874Z"}
{"level":"info","message":"Received GET request to /api/posts/getPosts","service":"identity-service","timestamp":"2025-08-18T01:36:40.342Z"}
{"level":"info","message":"Request body, [object Object]","service":"identity-service","timestamp":"2025-08-18T01:36:40.343Z"}
{"level":"info","message":"Received GET request to /api/posts/getPosts","service":"identity-service","timestamp":"2025-08-18T01:36:46.314Z"}
{"level":"info","message":"Request body, [object Object]","service":"identity-service","timestamp":"2025-08-18T01:36:46.315Z"}
{"level":"info","message":"post service running on port 3002","service":"identity-service","timestamp":"2025-08-18T04:04:30.079Z"}
{"level":"info","message":"connected to monogoDb","service":"identity-service","timestamp":"2025-08-18T04:04:30.275Z"}
{"level":"info","message":"post service running on port 3002","service":"identity-service","timestamp":"2025-08-18T04:04:45.716Z"}
{"level":"info","message":"connected to monogoDb","service":"identity-service","timestamp":"2025-08-18T04:04:45.979Z"}
{"level":"info","message":"post service running on port 3002","service":"identity-service","timestamp":"2025-08-18T04:04:49.264Z"}
{"level":"info","message":"connected to monogoDb","service":"identity-service","timestamp":"2025-08-18T04:04:49.462Z"}
{"level":"info","message":"post service running on port 3002","service":"identity-service","timestamp":"2025-08-18T04:04:56.673Z"}
{"level":"info","message":"connected to monogoDb","service":"identity-service","timestamp":"2025-08-18T04:04:56.897Z"}
{"level":"info","message":"post service running on port 3002","service":"identity-service","timestamp":"2025-08-18T04:05:04.554Z"}
{"level":"info","message":"connected to monogoDb","service":"identity-service","timestamp":"2025-08-18T04:05:04.742Z"}
{"level":"info","message":"post service running on port 3002","service":"identity-service","timestamp":"2025-08-18T04:05:09.117Z"}
{"level":"info","message":"connected to monogoDb","service":"identity-service","timestamp":"2025-08-18T04:05:09.309Z"}
{"level":"info","message":"post service running on port 3002","service":"identity-service","timestamp":"2025-08-18T04:05:10.417Z"}
{"level":"info","message":"connected to monogoDb","service":"identity-service","timestamp":"2025-08-18T04:05:10.661Z"}
{"level":"info","message":"post service running on port 3002","service":"identity-service","timestamp":"2025-08-18T04:05:12.424Z"}
{"level":"info","message":"connected to monogoDb","service":"identity-service","timestamp":"2025-08-18T04:05:12.615Z"}
{"level":"info","message":"post service running on port 3002","service":"identity-service","timestamp":"2025-08-18T04:05:14.493Z"}
{"level":"info","message":"connected to monogoDb","service":"identity-service","timestamp":"2025-08-18T04:05:14.683Z"}
{"level":"info","message":"post service running on port 3002","service":"identity-service","timestamp":"2025-08-18T04:05:16.719Z"}
{"level":"info","message":"connected to monogoDb","service":"identity-service","timestamp":"2025-08-18T04:05:16.920Z"}
{"level":"info","message":"post service running on port 3002","service":"identity-service","timestamp":"2025-08-18T04:05:19.939Z"}
{"level":"info","message":"connected to monogoDb","service":"identity-service","timestamp":"2025-08-18T04:05:20.187Z"}
{"level":"info","message":"post service running on port 3002","service":"identity-service","timestamp":"2025-08-18T04:05:25.203Z"}
{"level":"info","message":"connected to monogoDb","service":"identity-service","timestamp":"2025-08-18T04:05:25.436Z"}
{"level":"info","message":"Received GET request to /api/posts/post-by-id","service":"identity-service","timestamp":"2025-08-18T04:07:06.906Z"}
{"level":"info","message":"Request body, [object Object]","service":"identity-service","timestamp":"2025-08-18T04:07:06.906Z"}
{"level":"error","message":"errore fetichh the posts Unexpected token 'o', \"[object Promise]\" is not valid JSON","service":"identity-service","stack":"SyntaxError: Unexpected token 'o', \"[object Promise]\" is not valid JSON\n    at JSON.parse (<anonymous>)\n    at getPost (C:\\Users\\rujal\\Desktop\\social-media\\post-service\\src\\controllers\\post-controller.js:81:30)\n    at Layer.handle [as handle_request] (C:\\Users\\rujal\\Desktop\\social-media\\post-service\\node_modules\\express\\lib\\router\\layer.js:95:5)\n    at next (C:\\Users\\rujal\\Desktop\\social-media\\post-service\\node_modules\\express\\lib\\router\\route.js:149:13)\n    at Route.dispatch (C:\\Users\\rujal\\Desktop\\social-media\\post-service\\node_modules\\express\\lib\\router\\route.js:119:3)\n    at Layer.handle [as handle_request] (C:\\Users\\rujal\\Desktop\\social-media\\post-service\\node_modules\\express\\lib\\router\\layer.js:95:5)\n    at C:\\Users\\rujal\\Desktop\\social-media\\post-service\\node_modules\\express\\lib\\router\\index.js:284:15\n    at Function.process_params (C:\\Users\\rujal\\Desktop\\social-media\\post-service\\node_modules\\express\\lib\\router\\index.js:346:12)\n    at next (C:\\Users\\rujal\\Desktop\\social-media\\post-service\\node_modules\\express\\lib\\router\\index.js:280:10)\n    at authenticateRequest (C:\\Users\\rujal\\Desktop\\social-media\\post-service\\src\\middleware\\authMiddleare.js:14:5)","timestamp":"2025-08-18T04:07:06.909Z"}
{"level":"info","message":"Received GET request to /api/posts/getPosts","service":"identity-service","timestamp":"2025-08-18T04:08:29.222Z"}
{"level":"info","message":"Request body, [object Object]","service":"identity-service","timestamp":"2025-08-18T04:08:29.233Z"}
{"level":"info","message":"post service running on port 3002","service":"identity-service","timestamp":"2025-08-18T04:09:31.766Z"}
{"level":"info","message":"connected to monogoDb","service":"identity-service","timestamp":"2025-08-18T04:09:32.028Z"}
{"level":"info","message":"post service running on port 3002","service":"identity-service","timestamp":"2025-08-18T04:09:32.644Z"}
{"level":"info","message":"connected to monogoDb","service":"identity-service","timestamp":"2025-08-18T04:09:32.844Z"}
{"level":"info","message":"Received GET request to /api/posts/68a281d63efd04c558863d2b","service":"identity-service","timestamp":"2025-08-18T04:10:01.158Z"}
{"level":"info","message":"Request body, [object Object]","service":"identity-service","timestamp":"2025-08-18T04:10:01.159Z"}
{"level":"error","message":"errore fetichh the posts Unexpected token 'o', \"[object Promise]\" is not valid JSON","service":"identity-service","stack":"SyntaxError: Unexpected token 'o', \"[object Promise]\" is not valid JSON\n    at JSON.parse (<anonymous>)\n    at getPost (C:\\Users\\rujal\\Desktop\\social-media\\post-service\\src\\controllers\\post-controller.js:81:30)\n    at Layer.handle [as handle_request] (C:\\Users\\rujal\\Desktop\\social-media\\post-service\\node_modules\\express\\lib\\router\\layer.js:95:5)\n    at next (C:\\Users\\rujal\\Desktop\\social-media\\post-service\\node_modules\\express\\lib\\router\\route.js:149:13)\n    at Route.dispatch (C:\\Users\\rujal\\Desktop\\social-media\\post-service\\node_modules\\express\\lib\\router\\route.js:119:3)\n    at Layer.handle [as handle_request] (C:\\Users\\rujal\\Desktop\\social-media\\post-service\\node_modules\\express\\lib\\router\\layer.js:95:5)\n    at C:\\Users\\rujal\\Desktop\\social-media\\post-service\\node_modules\\express\\lib\\router\\index.js:284:15\n    at param (C:\\Users\\rujal\\Desktop\\social-media\\post-service\\node_modules\\express\\lib\\router\\index.js:365:14)\n    at param (C:\\Users\\rujal\\Desktop\\social-media\\post-service\\node_modules\\express\\lib\\router\\index.js:376:14)\n    at Function.process_params (C:\\Users\\rujal\\Desktop\\social-media\\post-service\\node_modules\\express\\lib\\router\\index.js:421:3)","timestamp":"2025-08-18T04:10:01.161Z"}
{"level":"info","message":"Received GET request to /api/posts/68a281d63efd04c558863d2b","service":"identity-service","timestamp":"2025-08-18T04:10:37.783Z"}
{"level":"info","message":"Request body, [object Object]","service":"identity-service","timestamp":"2025-08-18T04:10:37.784Z"}
{"level":"error","message":"errore fetichh the posts Unexpected token 'o', \"[object Promise]\" is not valid JSON","service":"identity-service","stack":"SyntaxError: Unexpected token 'o', \"[object Promise]\" is not valid JSON\n    at JSON.parse (<anonymous>)\n    at getPost (C:\\Users\\rujal\\Desktop\\social-media\\post-service\\src\\controllers\\post-controller.js:81:30)\n    at Layer.handle [as handle_request] (C:\\Users\\rujal\\Desktop\\social-media\\post-service\\node_modules\\express\\lib\\router\\layer.js:95:5)\n    at next (C:\\Users\\rujal\\Desktop\\social-media\\post-service\\node_modules\\express\\lib\\router\\route.js:149:13)\n    at Route.dispatch (C:\\Users\\rujal\\Desktop\\social-media\\post-service\\node_modules\\express\\lib\\router\\route.js:119:3)\n    at Layer.handle [as handle_request] (C:\\Users\\rujal\\Desktop\\social-media\\post-service\\node_modules\\express\\lib\\router\\layer.js:95:5)\n    at C:\\Users\\rujal\\Desktop\\social-media\\post-service\\node_modules\\express\\lib\\router\\index.js:284:15\n    at param (C:\\Users\\rujal\\Desktop\\social-media\\post-service\\node_modules\\express\\lib\\router\\index.js:365:14)\n    at param (C:\\Users\\rujal\\Desktop\\social-media\\post-service\\node_modules\\express\\lib\\router\\index.js:376:14)\n    at Function.process_params (C:\\Users\\rujal\\Desktop\\social-media\\post-service\\node_modules\\express\\lib\\router\\index.js:421:3)","timestamp":"2025-08-18T04:10:37.785Z"}
{"level":"info","message":"post service running on port 3002","service":"identity-service","timestamp":"2025-08-18T04:12:07.373Z"}
{"level":"info","message":"connected to monogoDb","service":"identity-service","timestamp":"2025-08-18T04:12:07.603Z"}
{"level":"info","message":"Received GET request to /api/posts/68a281d63efd04c558863d2b","service":"identity-service","timestamp":"2025-08-18T04:12:10.558Z"}
{"level":"info","message":"Request body, [object Object]","service":"identity-service","timestamp":"2025-08-18T04:12:10.559Z"}
{"level":"error","message":"errore fetichh the posts Unexpected token 'o', \"[object Promise]\" is not valid JSON","service":"identity-service","stack":"SyntaxError: Unexpected token 'o', \"[object Promise]\" is not valid JSON\n    at JSON.parse (<anonymous>)\n    at getPost (C:\\Users\\rujal\\Desktop\\social-media\\post-service\\src\\controllers\\post-controller.js:81:30)\n    at Layer.handle [as handle_request] (C:\\Users\\rujal\\Desktop\\social-media\\post-service\\node_modules\\express\\lib\\router\\layer.js:95:5)\n    at next (C:\\Users\\rujal\\Desktop\\social-media\\post-service\\node_modules\\express\\lib\\router\\route.js:149:13)\n    at Route.dispatch (C:\\Users\\rujal\\Desktop\\social-media\\post-service\\node_modules\\express\\lib\\router\\route.js:119:3)\n    at Layer.handle [as handle_request] (C:\\Users\\rujal\\Desktop\\social-media\\post-service\\node_modules\\express\\lib\\router\\layer.js:95:5)\n    at C:\\Users\\rujal\\Desktop\\social-media\\post-service\\node_modules\\express\\lib\\router\\index.js:284:15\n    at param (C:\\Users\\rujal\\Desktop\\social-media\\post-service\\node_modules\\express\\lib\\router\\index.js:365:14)\n    at param (C:\\Users\\rujal\\Desktop\\social-media\\post-service\\node_modules\\express\\lib\\router\\index.js:376:14)\n    at Function.process_params (C:\\Users\\rujal\\Desktop\\social-media\\post-service\\node_modules\\express\\lib\\router\\index.js:421:3)","timestamp":"2025-08-18T04:12:10.560Z"}
{"level":"info","message":"post service running on port 3002","service":"identity-service","timestamp":"2025-08-18T04:13:41.128Z"}
{"level":"info","message":"connected to monogoDb","service":"identity-service","timestamp":"2025-08-18T04:13:41.374Z"}
{"level":"info","message":"Received GET request to /api/posts/68a281d63efd04c558863d2b","service":"identity-service","timestamp":"2025-08-18T04:13:43.851Z"}
{"level":"info","message":"Request body, [object Object]","service":"identity-service","timestamp":"2025-08-18T04:13:43.851Z"}
{"level":"info","message":"Received GET request to /api/posts/68a281d63efd04c558863d2b","service":"identity-service","timestamp":"2025-08-18T04:13:55.228Z"}
{"level":"info","message":"Request body, [object Object]","service":"identity-service","timestamp":"2025-08-18T04:13:55.229Z"}
{"level":"info","message":"Received GET request to /api/posts/68a281d63efd04c558863d2b","service":"identity-service","timestamp":"2025-08-18T04:13:56.445Z"}
{"level":"info","message":"Request body, [object Object]","service":"identity-service","timestamp":"2025-08-18T04:13:56.446Z"}
{"level":"info","message":"Received GET request to /api/posts/68a281d63efd04c558863d2b","service":"identity-service","timestamp":"2025-08-18T04:13:58.593Z"}
{"level":"info","message":"Request body, [object Object]","service":"identity-service","timestamp":"2025-08-18T04:13:58.594Z"}
{"level":"info","message":"post service running on port 3002","service":"identity-service","timestamp":"2025-08-18T04:16:27.222Z"}
{"level":"info","message":"connected to monogoDb","service":"identity-service","timestamp":"2025-08-18T04:16:27.493Z"}
{"level":"info","message":"post service running on port 3002","service":"identity-service","timestamp":"2025-08-18T04:16:30.123Z"}
{"level":"info","message":"connected to monogoDb","service":"identity-service","timestamp":"2025-08-18T04:16:30.315Z"}
{"level":"info","message":"post service running on port 3002","service":"identity-service","timestamp":"2025-08-18T04:16:33.662Z"}
{"level":"info","message":"connected to monogoDb","service":"identity-service","timestamp":"2025-08-18T04:16:33.852Z"}
{"level":"info","message":"post service running on port 3002","service":"identity-service","timestamp":"2025-08-18T04:16:37.435Z"}
{"level":"info","message":"connected to monogoDb","service":"identity-service","timestamp":"2025-08-18T04:16:37.645Z"}
{"level":"info","message":"post service running on port 3002","service":"identity-service","timestamp":"2025-08-18T04:16:42.829Z"}
{"level":"info","message":"connected to monogoDb","service":"identity-service","timestamp":"2025-08-18T04:16:43.016Z"}
{"level":"info","message":"post service running on port 3002","service":"identity-service","timestamp":"2025-08-18T04:17:12.413Z"}
{"level":"info","message":"connected to monogoDb","service":"identity-service","timestamp":"2025-08-18T04:17:12.604Z"}
{"level":"info","message":"Received GET request to /api/posts/68a281d63efd04c558863d2b","service":"identity-service","timestamp":"2025-08-18T04:17:33.434Z"}
{"level":"info","message":"Request body, [object Object]","service":"identity-service","timestamp":"2025-08-18T04:17:33.436Z"}
{"level":"info","message":"Received GET request to /api/posts/68a281d63efd04c558863d2b","service":"identity-service","timestamp":"2025-08-18T04:17:38.508Z"}
{"level":"info","message":"Request body, [object Object]","service":"identity-service","timestamp":"2025-08-18T04:17:38.509Z"}
{"level":"info","message":"Received GET request to /api/posts/68a281d63efd04c558863d2b","service":"identity-service","timestamp":"2025-08-18T04:17:40.425Z"}
{"level":"info","message":"Request body, [object Object]","service":"identity-service","timestamp":"2025-08-18T04:17:40.425Z"}
{"level":"info","message":"Received GET request to /api/posts/68a281d63efd04c558863d2b","service":"identity-service","timestamp":"2025-08-18T04:17:41.646Z"}
{"level":"info","message":"Request body, [object Object]","service":"identity-service","timestamp":"2025-08-18T04:17:41.647Z"}
{"level":"info","message":"Received GET request to /api/posts/68a281d63efd04c558863d2b","service":"identity-service","timestamp":"2025-08-18T04:17:44.896Z"}
{"level":"info","message":"Request body, [object Object]","service":"identity-service","timestamp":"2025-08-18T04:17:44.897Z"}
{"level":"info","message":"post service running on port 3002","service":"identity-service","timestamp":"2025-08-18T04:17:58.377Z"}
{"level":"info","message":"connected to monogoDb","service":"identity-service","timestamp":"2025-08-18T04:17:58.606Z"}
{"level":"info","message":"Received GET request to /api/posts/68a281d63efd04c558863d2b","service":"identity-service","timestamp":"2025-08-18T04:18:04.180Z"}
{"level":"info","message":"Request body, [object Object]","service":"identity-service","timestamp":"2025-08-18T04:18:04.181Z"}
{"level":"info","message":"Received GET request to /api/posts/68a281d63efd04c558863d2b","service":"identity-service","timestamp":"2025-08-18T04:18:08.408Z"}
{"level":"info","message":"Request body, [object Object]","service":"identity-service","timestamp":"2025-08-18T04:18:08.409Z"}
{"level":"info","message":"Received GET request to /api/posts/getPosts","service":"identity-service","timestamp":"2025-08-18T04:20:05.764Z"}
{"level":"info","message":"Request body, [object Object]","service":"identity-service","timestamp":"2025-08-18T04:20:05.778Z"}
{"level":"info","message":"Received GET request to /api/posts/689696ca0c944222ec4e48d8","service":"identity-service","timestamp":"2025-08-18T04:20:19.061Z"}
{"level":"info","message":"Request body, [object Object]","service":"identity-service","timestamp":"2025-08-18T04:20:19.061Z"}
{"level":"info","message":"Received GET request to /api/posts/689696ca0c944222ec4e48d8","service":"identity-service","timestamp":"2025-08-18T04:20:24.756Z"}
{"level":"info","message":"Request body, [object Object]","service":"identity-service","timestamp":"2025-08-18T04:20:24.756Z"}
{"level":"info","message":"Received GET request to /api/posts/689696ca0c944222ec4e48d8","service":"identity-service","timestamp":"2025-08-18T04:20:26.182Z"}
{"level":"info","message":"Request body, [object Object]","service":"identity-service","timestamp":"2025-08-18T04:20:26.182Z"}
{"level":"info","message":"post service running on port 3002","service":"identity-service","timestamp":"2025-08-18T04:20:46.200Z"}
{"level":"info","message":"connected to monogoDb","service":"identity-service","timestamp":"2025-08-18T04:20:46.450Z"}
{"level":"info","message":"post service running on port 3002","service":"identity-service","timestamp":"2025-08-18T04:20:47.253Z"}
{"level":"info","message":"connected to monogoDb","service":"identity-service","timestamp":"2025-08-18T04:20:47.444Z"}
{"level":"info","message":"post service running on port 3002","service":"identity-service","timestamp":"2025-08-18T04:20:59.257Z"}
{"level":"info","message":"connected to monogoDb","service":"identity-service","timestamp":"2025-08-18T04:20:59.484Z"}
{"level":"info","message":"Received GET request to /api/posts/689696ca0c944222ec4e48d8","service":"identity-service","timestamp":"2025-08-18T04:21:02.753Z"}
{"level":"info","message":"Request body, [object Object]","service":"identity-service","timestamp":"2025-08-18T04:21:02.753Z"}
{"level":"info","message":"Received GET request to /api/posts/689696ca0c944222ec4e48d8","service":"identity-service","timestamp":"2025-08-18T04:21:05.134Z"}
{"level":"info","message":"Request body, [object Object]","service":"identity-service","timestamp":"2025-08-18T04:21:05.136Z"}
{"level":"info","message":"Received GET request to /api/posts/689696ca0c944222ec4e48d8","service":"identity-service","timestamp":"2025-08-18T04:21:06.171Z"}
{"level":"info","message":"Request body, [object Object]","service":"identity-service","timestamp":"2025-08-18T04:21:06.172Z"}
{"level":"info","message":"Received GET request to /api/posts/689696ca0c944222ec4e48d8","service":"identity-service","timestamp":"2025-08-18T04:21:07.264Z"}
{"level":"info","message":"Request body, [object Object]","service":"identity-service","timestamp":"2025-08-18T04:21:07.265Z"}
{"level":"info","message":"post service running on port 3002","service":"identity-service","timestamp":"2025-08-18T04:21:15.551Z"}
{"level":"info","message":"connected to monogoDb","service":"identity-service","timestamp":"2025-08-18T04:21:15.757Z"}
{"level":"info","message":"post service running on port 3002","service":"identity-service","timestamp":"2025-08-18T04:21:17.518Z"}
{"level":"info","message":"connected to monogoDb","service":"identity-service","timestamp":"2025-08-18T04:21:17.828Z"}
{"level":"info","message":"Received GET request to /api/posts/689696ca0c944222ec4e48d8","service":"identity-service","timestamp":"2025-08-18T04:21:23.260Z"}
{"level":"info","message":"Request body, [object Object]","service":"identity-service","timestamp":"2025-08-18T04:21:23.261Z"}
{"level":"info","message":"Received GET request to /api/posts/689696ca0c944222ec4e48d8","service":"identity-service","timestamp":"2025-08-18T04:21:25.054Z"}
{"level":"info","message":"Request body, [object Object]","service":"identity-service","timestamp":"2025-08-18T04:21:25.055Z"}
{"level":"info","message":"Received GET request to /api/posts/689696ca0c944222ec4e48d8","service":"identity-service","timestamp":"2025-08-18T04:21:26.180Z"}
{"level":"info","message":"Request body, [object Object]","service":"identity-service","timestamp":"2025-08-18T04:21:26.180Z"}
{"level":"info","message":"post service running on port 3002","service":"identity-service","timestamp":"2025-08-18T08:20:59.893Z"}
{"level":"info","message":"connected to monogoDb","service":"identity-service","timestamp":"2025-08-18T08:21:00.087Z"}
{"level":"info","message":"post service running on port 3002","service":"identity-service","timestamp":"2025-08-18T08:21:38.420Z"}
{"level":"info","message":"connected to monogoDb","service":"identity-service","timestamp":"2025-08-18T08:21:38.631Z"}
{"level":"info","message":"Received DELETE request to /api/posts/689696ca0c944222ec4e48d8","service":"identity-service","timestamp":"2025-08-18T08:22:08.568Z"}
{"level":"info","message":"Request body, [object Object]","service":"identity-service","timestamp":"2025-08-18T08:22:08.568Z"}
{"level":"info","message":"Received GET request to /api/posts/689696ca0c944222ec4e48d8","service":"identity-service","timestamp":"2025-08-18T08:22:32.745Z"}
{"level":"info","message":"Request body, [object Object]","service":"identity-service","timestamp":"2025-08-18T08:22:32.746Z"}
{"level":"info","message":"Received GET request to /api/posts/getPosts","service":"identity-service","timestamp":"2025-08-18T08:22:57.382Z"}
{"level":"info","message":"Request body, [object Object]","service":"identity-service","timestamp":"2025-08-18T08:22:57.382Z"}
{"level":"info","message":"Received DELETE request to /api/posts/68a281d63efd04c558863d2b","service":"identity-service","timestamp":"2025-08-18T08:23:18.325Z"}
{"level":"info","message":"Request body, [object Object]","service":"identity-service","timestamp":"2025-08-18T08:23:18.326Z"}
{"level":"info","message":"Received GET request to /api/posts/getPosts","service":"identity-service","timestamp":"2025-08-18T08:23:25.695Z"}
{"level":"info","message":"Request body, [object Object]","service":"identity-service","timestamp":"2025-08-18T08:23:25.696Z"}
{"level":"info","message":"Received DELETE request to /api/posts/68a1ae8ee734ebea593f8a0e","service":"identity-service","timestamp":"2025-08-18T08:23:51.547Z"}
{"level":"info","message":"Request body, [object Object]","service":"identity-service","timestamp":"2025-08-18T08:23:51.548Z"}
{"level":"info","message":"Received GET request to /api/posts/getPosts","service":"identity-service","timestamp":"2025-08-18T08:23:58.274Z"}
{"level":"info","message":"Request body, [object Object]","service":"identity-service","timestamp":"2025-08-18T08:23:58.275Z"}
{"level":"info","message":"post service running on port 3002","service":"identity-service","timestamp":"2025-08-18T08:25:45.347Z"}
{"level":"info","message":"connected to monogoDb","service":"identity-service","timestamp":"2025-08-18T08:25:45.605Z"}
{"level":"info","message":"post service running on port 3002","service":"identity-service","timestamp":"2025-08-18T08:26:05.403Z"}
{"level":"info","message":"connected to monogoDb","service":"identity-service","timestamp":"2025-08-18T08:26:05.626Z"}
{"level":"info","message":"post service running on port 3002","service":"identity-service","timestamp":"2025-08-18T08:26:16.492Z"}
{"level":"info","message":"connected to monogoDb","service":"identity-service","timestamp":"2025-08-18T08:26:16.698Z"}
{"level":"info","message":"post service running on port 3002","service":"identity-service","timestamp":"2025-08-18T08:26:18.035Z"}
{"level":"info","message":"connected to monogoDb","service":"identity-service","timestamp":"2025-08-18T08:26:18.418Z"}
{"level":"info","message":"post service running on port 3002","service":"identity-service","timestamp":"2025-08-18T08:26:22.892Z"}
{"level":"info","message":"connected to monogoDb","service":"identity-service","timestamp":"2025-08-18T08:26:23.137Z"}
{"level":"info","message":"post service running on port 3002","service":"identity-service","timestamp":"2025-08-18T08:26:25.734Z"}
{"level":"info","message":"connected to monogoDb","service":"identity-service","timestamp":"2025-08-18T08:26:25.925Z"}
{"level":"info","message":"post service running on port 3002","service":"identity-service","timestamp":"2025-08-18T08:26:28.165Z"}
{"level":"info","message":"connected to monogoDb","service":"identity-service","timestamp":"2025-08-18T08:26:28.373Z"}
{"level":"info","message":"post service running on port 3002","service":"identity-service","timestamp":"2025-08-18T08:26:30.663Z"}
{"level":"info","message":"connected to monogoDb","service":"identity-service","timestamp":"2025-08-18T08:26:30.860Z"}
{"level":"info","message":"post service running on port 3002","service":"identity-service","timestamp":"2025-08-18T08:26:36.530Z"}
{"level":"info","message":"connected to monogoDb","service":"identity-service","timestamp":"2025-08-18T08:26:36.726Z"}
{"level":"info","message":"post service running on port 3002","service":"identity-service","timestamp":"2025-08-18T08:26:43.282Z"}
{"level":"info","message":"connected to monogoDb","service":"identity-service","timestamp":"2025-08-18T08:26:43.479Z"}
{"level":"info","message":"post service running on port 3002","service":"identity-service","timestamp":"2025-08-18T08:26:46.898Z"}
{"level":"info","message":"connected to monogoDb","service":"identity-service","timestamp":"2025-08-18T08:26:47.123Z"}
{"level":"info","message":"post service running on port 3002","service":"identity-service","timestamp":"2025-08-18T08:26:57.484Z"}
{"level":"info","message":"connected to monogoDb","service":"identity-service","timestamp":"2025-08-18T08:26:57.702Z"}
{"level":"info","message":"Received DELETE request to /api/posts/68a1ae8ee734ebea593f8a0e","service":"identity-service","timestamp":"2025-08-18T08:27:19.133Z"}
{"level":"info","message":"Request body, [object Object]","service":"identity-service","timestamp":"2025-08-18T08:27:19.133Z"}
{"level":"error","message":"errir in delting ","service":"identity-service","timestamp":"2025-08-18T08:27:19.153Z"}
{"level":"info","message":"post service running on port 3002","service":"identity-service","timestamp":"2025-08-18T08:28:29.431Z"}
{"level":"info","message":"connected to monogoDb","service":"identity-service","timestamp":"2025-08-18T08:28:29.742Z"}
{"level":"info","message":"Received GET request to /api/posts/getPosts","service":"identity-service","timestamp":"2025-08-18T08:28:39.165Z"}
{"level":"info","message":"Request body, [object Object]","service":"identity-service","timestamp":"2025-08-18T08:28:39.166Z"}
{"level":"info","message":"Received DELETE request to /api/posts/68a280b7036e76a7ef06a5bd","service":"identity-service","timestamp":"2025-08-18T08:28:52.321Z"}
{"level":"info","message":"Request body, [object Object]","service":"identity-service","timestamp":"2025-08-18T08:28:52.322Z"}
{"level":"info","message":"Received GET request to /api/posts/getPosts","service":"identity-service","timestamp":"2025-08-18T08:29:01.718Z"}
{"level":"info","message":"Request body, [object Object]","service":"identity-service","timestamp":"2025-08-18T08:29:01.718Z"}
{"level":"info","message":"post service running on port 3002","service":"identity-service","timestamp":"2025-08-18T08:30:29.396Z"}
{"level":"info","message":"connected to monogoDb","service":"identity-service","timestamp":"2025-08-18T08:30:29.663Z"}
